<?xml version="1.0" encoding="UTF-8"?>
<!-- Generated by org.testng.reporters.JUnitXMLReporter -->
<testsuite hostname="SYS" ignored="0" name="Default test" tests="3" failures="0" timestamp="10 Oct 2018 18:08:15 GMT" time="74.549" errors="0">
  <testcase name="login" time="9.148" classname="testscript.Verifylogin"/>
  <testcase name="allLinks" time="11.899" classname="testscript.Verifylogin"/>
  <testcase name="createnewcustomer" time="21.108" classname="testscript.Verifylogin"/>
</testsuite> <!-- Default test -->
