<?xml version="1.0" encoding="UTF-8"?>
<!-- Generated by org.testng.reporters.JUnitXMLReporter -->
<testsuite hostname="SYS" ignored="1" name="TestNGExamp" tests="2" failures="0" timestamp="01 Oct 2018 17:42:31 GMT" time="0.448" errors="0">
  <testcase name="tests" time="0.147" classname="testscript.TestNGExamp"/>
  <testcase name="test3" time="0.018" classname="testscript.TestNGExamp"/>
  <testcase name="test2" time="0.0" classname="testscript.TestNGExamp">
    <ignored/>
  </testcase> <!-- test2 -->
</testsuite> <!-- TestNGExamp -->
